2015-02-23 15:32:29.623 mockt2d[1144:15254] DiskCookieStorage changing policy from 2 to 0, cookie file: file:///Users/ondra/Library/Developer/CoreSimulator/Devices/BA910F5F-4FF5-4596-B8B7-1FE074C976EA/data/Containers/Data/Application/7F52FC2C-8A52-49B3-8967-71F128E22FD7/Library/Cookies/Cookies.binarycookies
2015-02-23 15:32:29.823 mockt2d[1144:15254] Apache Cordova native platform version 3.7.0 is starting.
2015-02-23 15:32:29.823 mockt2d[1144:15254] Multi-tasking -> Device: YES, App: YES
2015-02-23 15:32:29.827 mockt2d[1144:15254] Unlimited access to network resources
2015-02-23 15:32:30.627 mockt2d[1144:15254] [CDVTimer][keyboard] 0.106990ms
2015-02-23 15:32:30.627 mockt2d[1144:15254] [CDVTimer][TotalPluginStartup] 0.332952ms
2015-02-23 15:32:31.233 mockt2d[1144:15254] Resetting plugins due to page load.
2015-02-23 15:32:31.565 mockt2d[1144:15254] Finished load of: file:///Users/ondra/Library/Developer/CoreSimulator/Devices/BA910F5F-4FF5-4596-B8B7-1FE074C976EA/data/Containers/Bundle/Application/B018C855-C3AA-434A-AA11-41A799195183/mockt2d.app/www/index.html#/tab/dash
2015-02-23 15:32:31.917 mockt2d[1144:15254] THREAD WARNING: ['Device'] took '58.444824' ms. Plugin should use a background thread.
2015-02-24 11:46:17.884 mockt2d[1418:74699] DiskCookieStorage changing policy from 2 to 0, cookie file: file:///Users/ondra/Library/Developer/CoreSimulator/Devices/BA910F5F-4FF5-4596-B8B7-1FE074C976EA/data/Containers/Data/Application/2EABA074-2AC4-47F3-96CC-EFD3677C2092/Library/Cookies/Cookies.binarycookies
2015-02-24 11:46:18.029 mockt2d[1418:74699] Apache Cordova native platform version 3.7.0 is starting.
2015-02-24 11:46:18.029 mockt2d[1418:74699] Multi-tasking -> Device: YES, App: YES
2015-02-24 11:46:18.040 mockt2d[1418:74699] Unlimited access to network resources
2015-02-24 11:46:18.551 mockt2d[1418:74699] [CDVTimer][keyboard] 0.077009ms
2015-02-24 11:46:18.551 mockt2d[1418:74699] [CDVTimer][TotalPluginStartup] 0.310004ms
2015-02-24 11:46:18.816 mockt2d[1418:74699] Resetting plugins due to page load.
2015-02-24 11:46:19.293 mockt2d[1418:74699] Finished load of: file:///Users/ondra/Library/Developer/CoreSimulator/Devices/BA910F5F-4FF5-4596-B8B7-1FE074C976EA/data/Containers/Bundle/Application/1F65D4C2-26E5-404F-98C3-81361C1CD9FC/mockt2d.app/www/index.html#/tab/dash
2015-02-24 12:06:24.579 mockt2d[1682:85608] DiskCookieStorage changing policy from 2 to 0, cookie file: file:///Users/ondra/Library/Developer/CoreSimulator/Devices/BA910F5F-4FF5-4596-B8B7-1FE074C976EA/data/Containers/Data/Application/7F549316-BE95-4299-9A2A-B0DCC16494DB/Library/Cookies/Cookies.binarycookies
2015-02-24 12:06:24.672 mockt2d[1682:85608] Apache Cordova native platform version 3.7.0 is starting.
2015-02-24 12:06:24.672 mockt2d[1682:85608] Multi-tasking -> Device: YES, App: YES
2015-02-24 12:06:24.674 mockt2d[1682:85608] Unlimited access to network resources
2015-02-24 12:06:24.859 mockt2d[1682:85608] [CDVTimer][keyboard] 0.066996ms
2015-02-24 12:06:24.860 mockt2d[1682:85608] [CDVTimer][TotalPluginStartup] 0.252008ms
2015-02-24 12:06:24.965 mockt2d[1682:85608] Resetting plugins due to page load.
2015-02-24 12:06:25.255 mockt2d[1682:85608] Finished load of: file:///Users/ondra/Library/Developer/CoreSimulator/Devices/BA910F5F-4FF5-4596-B8B7-1FE074C976EA/data/Containers/Bundle/Application/0CF92CCB-3308-457E-8332-DE3A0389B199/mockt2d.app/www/index.html#/tab/dash
2015-02-24 12:06:42.917 mockt2d[1930:86261] DiskCookieStorage changing policy from 2 to 0, cookie file: file:///Users/ondra/Library/Developer/CoreSimulator/Devices/BA910F5F-4FF5-4596-B8B7-1FE074C976EA/data/Containers/Data/Application/2F1CD9D4-3954-43EC-B457-940CCBCFBE67/Library/Cookies/Cookies.binarycookies
2015-02-24 12:06:43.092 mockt2d[1930:86261] Apache Cordova native platform version 3.7.0 is starting.
2015-02-24 12:06:43.093 mockt2d[1930:86261] Multi-tasking -> Device: YES, App: YES
2015-02-24 12:06:43.094 mockt2d[1930:86261] Unlimited access to network resources
2015-02-24 12:06:43.350 mockt2d[1930:86261] [CDVTimer][keyboard] 0.063002ms
2015-02-24 12:06:43.350 mockt2d[1930:86261] [CDVTimer][TotalPluginStartup] 0.231028ms
2015-02-24 12:06:43.545 mockt2d[1930:86261] Resetting plugins due to page load.
2015-02-24 12:06:43.870 mockt2d[1930:86261] Finished load of: file:///Users/ondra/Library/Developer/CoreSimulator/Devices/BA910F5F-4FF5-4596-B8B7-1FE074C976EA/data/Containers/Bundle/Application/EFAABEF3-9A22-4FA4-B21D-293655830239/mockt2d.app/www/index.html#/tab/dash
2015-02-24 12:07:42.529 mockt2d[2185:87495] DiskCookieStorage changing policy from 2 to 0, cookie file: file:///Users/ondra/Library/Developer/CoreSimulator/Devices/BA910F5F-4FF5-4596-B8B7-1FE074C976EA/data/Containers/Data/Application/AF6A929E-6889-4ED9-A1B2-E8AC61B87286/Library/Cookies/Cookies.binarycookies
2015-02-24 12:07:42.685 mockt2d[2185:87495] Apache Cordova native platform version 3.7.0 is starting.
2015-02-24 12:07:42.686 mockt2d[2185:87495] Multi-tasking -> Device: YES, App: YES
2015-02-24 12:07:42.692 mockt2d[2185:87495] Unlimited access to network resources
2015-02-24 12:07:42.774 mockt2d[2185:87495] [CDVTimer][keyboard] 0.084996ms
2015-02-24 12:07:42.774 mockt2d[2185:87495] [CDVTimer][TotalPluginStartup] 0.294983ms
2015-02-24 12:07:42.874 mockt2d[2185:87495] Resetting plugins due to page load.
2015-02-24 12:07:43.172 mockt2d[2185:87495] Finished load of: file:///Users/ondra/Library/Developer/CoreSimulator/Devices/BA910F5F-4FF5-4596-B8B7-1FE074C976EA/data/Containers/Bundle/Application/B4273D91-493E-4759-B4FF-FF1C59669F71/mockt2d.app/www/index.html#/tab/dash
2015-02-24 12:16:05.767 mockt2d[2727:95751] DiskCookieStorage changing policy from 2 to 0, cookie file: file:///Users/ondra/Library/Developer/CoreSimulator/Devices/BA910F5F-4FF5-4596-B8B7-1FE074C976EA/data/Containers/Data/Application/B8BFB3E4-8693-4228-B4E1-5E7B23B09B86/Library/Cookies/Cookies.binarycookies
2015-02-24 12:16:05.919 mockt2d[2727:95751] Apache Cordova native platform version 3.7.0 is starting.
2015-02-24 12:16:05.920 mockt2d[2727:95751] Multi-tasking -> Device: YES, App: YES
2015-02-24 12:16:05.922 mockt2d[2727:95751] Unlimited access to network resources
2015-02-24 12:16:06.021 mockt2d[2727:95751] [CDVTimer][keyboard] 0.071943ms
2015-02-24 12:16:06.022 mockt2d[2727:95751] [CDVTimer][TotalPluginStartup] 0.274003ms
2015-02-24 12:16:06.163 mockt2d[2727:95751] Resetting plugins due to page load.
2015-02-24 12:16:06.518 mockt2d[2727:95751] Finished load of: file:///Users/ondra/Library/Developer/CoreSimulator/Devices/BA910F5F-4FF5-4596-B8B7-1FE074C976EA/data/Containers/Bundle/Application/3BDD8290-9F8C-4D68-962D-C200E7D06E95/mockt2d.app/www/index.html#/tab/dash
2015-02-24 15:52:50.313 mockt2d[3199:165036] DiskCookieStorage changing policy from 2 to 0, cookie file: file:///Users/ondra/Library/Developer/CoreSimulator/Devices/BA910F5F-4FF5-4596-B8B7-1FE074C976EA/data/Containers/Data/Application/3EA16399-5767-4B36-9E72-BCFBA939ED78/Library/Cookies/Cookies.binarycookies
2015-02-24 15:52:50.481 mockt2d[3199:165036] Apache Cordova native platform version 3.7.0 is starting.
2015-02-24 15:52:50.482 mockt2d[3199:165036] Multi-tasking -> Device: YES, App: YES
2015-02-24 15:52:50.483 mockt2d[3199:165036] Unlimited access to network resources
2015-02-24 15:52:50.570 mockt2d[3199:165036] [CDVTimer][keyboard] 0.090003ms
2015-02-24 15:52:50.570 mockt2d[3199:165036] [CDVTimer][TotalPluginStartup] 0.270009ms
2015-02-24 15:52:50.697 mockt2d[3199:165036] Resetting plugins due to page load.
2015-02-24 15:52:50.950 mockt2d[3199:165036] Finished load of: file:///Users/ondra/Library/Developer/CoreSimulator/Devices/BA910F5F-4FF5-4596-B8B7-1FE074C976EA/data/Containers/Bundle/Application/08DBD4DE-A354-4F47-9A18-EFD7BBCF6234/mockt2d.app/www/index.html#/tab/dash
2015-02-24 23:29:21.950 mockt2d[3637:194739] DiskCookieStorage changing policy from 2 to 0, cookie file: file:///Users/ondra/Library/Developer/CoreSimulator/Devices/BA910F5F-4FF5-4596-B8B7-1FE074C976EA/data/Containers/Data/Application/0C345AC7-B1DD-4D8B-8EB6-3BDC0D5B57E5/Library/Cookies/Cookies.binarycookies
2015-02-24 23:29:22.107 mockt2d[3637:194739] Apache Cordova native platform version 3.7.0 is starting.
2015-02-24 23:29:22.107 mockt2d[3637:194739] Multi-tasking -> Device: YES, App: YES
2015-02-24 23:29:22.110 mockt2d[3637:194739] Unlimited access to network resources
2015-02-24 23:29:22.333 mockt2d[3637:194739] [CDVTimer][keyboard] 0.065982ms
2015-02-24 23:29:22.333 mockt2d[3637:194739] [CDVTimer][TotalPluginStartup] 0.252008ms
2015-02-24 23:29:22.405 mockt2d[3637:194739] Resetting plugins due to page load.
2015-02-24 23:29:22.748 mockt2d[3637:194739] Finished load of: file:///Users/ondra/Library/Developer/CoreSimulator/Devices/BA910F5F-4FF5-4596-B8B7-1FE074C976EA/data/Containers/Bundle/Application/ECBB6A9D-5C3B-453F-91B1-005088EE6C17/mockt2d.app/www/index.html#/tab/dash
